app/build/outputs/mapping/release/seeds.txt
com.gardens.need.MainActivity
com.gardens.need.MainActivity: MainActivity()
com.gardens.need.R$anim: int abc_fade_in
com.gardens.need.R$anim: int abc_fade_out
com.gardens.need.R$anim: int abc_grow_fade_in_from_bottom
com.gardens.need.R$anim: int abc_popup_enter
com.gardens.need.R$anim: int abc_popup_exit
com.gardens.need.R$anim: int abc_shrink_fade_out_from_bottom
com.gardens.need.R$anim: int abc_slide_in_bottom
com.gardens.need.R$anim: int abc_slide_in_top
com.gardens.need.R$anim: int abc_slide_out_bottom
com.gardens.need.R$anim: int abc_slide_out_top
com.gardens.need.R$anim: int design_bottom_sheet_slide_in
com.gardens.need.R$anim: int design_bottom_sheet_slide_out
com.gardens.need.R$anim: int design_fab_in
com.gardens.need.R$anim: int design_fab_out
com.gardens.need.R$anim: int design_snackbar_in
com.gardens.need.R$anim: int design_snackbar_out
com.gardens.need.R$animator: int design_appbar_state_list_animator
com.gardens.need.R$attr: int actionBarDivider
com.gardens.need.R$attr: int actionBarItemBackground
com.gardens.need.R$attr: int actionBarPopupTheme
com.gardens.need.R$attr: int actionBarSize
com.gardens.need.R$attr: int actionBarSplitStyle
com.gardens.need.R$attr: int actionBarStyle
com.gardens.need.R$attr: int actionBarTabBarStyle
com.gardens.need.R$attr: int actionBarTabStyle
com.gardens.need.R$attr: int actionBarTabTextStyle
com.gardens.need.R$attr: int actionBarTheme
com.gardens.need.R$attr: int actionBarWidgetTheme
com.gardens.need.R$attr: int actionButtonStyle
com.gardens.need.R$attr: int actionDropDownStyle
com.gardens.need.R$attr: int actionLayout
com.gardens.need.R$attr: int actionMenuTextAppearance
com.gardens.need.R$attr: int actionMenuTextColor
com.gardens.need.R$attr: int actionModeBackground
com.gardens.need.R$attr: int actionModeCloseButtonStyle
com.gardens.need.R$attr: int actionModeCloseDrawable
com.gardens.need.R$attr: int actionModeCopyDrawable
com.gardens.need.R$attr: int actionModeCutDrawable
com.gardens.need.R$attr: int actionModeFindDrawable
com.gardens.need.R$attr: int actionModePasteDrawable
com.gardens.need.R$attr: int actionModePopupWindowStyle
com.gardens.need.R$attr: int actionModeSelectAllDrawable
com.gardens.need.R$attr: int actionModeShareDrawable
com.gardens.need.R$attr: int actionModeSplitBackground
com.gardens.need.R$attr: int actionModeStyle
com.gardens.need.R$attr: int actionModeWebSearchDrawable
com.gardens.need.R$bool: int abc_action_bar_embed_tabs
com.gardens.need.R$bool: int abc_allow_stacked_button_bar
com.gardens.need.R$bool: int abc_config_actionMenuItemAllCaps
com.gardens.need.R$bool: int abc_config_closeDialogWhenTouchOutside
com.gardens.need.R$bool: int abc_config_showMenuShortcutsWhenKeyboardPresent
...
android.support.constraint.R$styleable: int[] ConstraintLayout_Layout
android.support.constraint.R$styleable: int ConstraintLayout_Layout_android_maxHeight
android.support.constraint.R$styleable: int ConstraintLayout_Layout_android_maxWidth
android.support.constraint.R$styleable: int ConstraintLayout_Layout_android_minHeight
android.support.constraint.R$styleable: int ConstraintLayout_Layout_android_minWidth
android.support.constraint.R$styleable: int ConstraintLayout_Layout_android_orientation
android.support.constraint.R$styleable: int ConstraintLayout_Layout_barrierAllowsGoneWidgets
android.support.constraint.R$styleable: int ConstraintLayout_Layout_barrierDirection
android.support.constraint.R$styleable: int ConstraintLayout_Layout_chainUseRtl
android.support.constraint.R$styleable: int ConstraintLayout_Layout_constraintSet
android.support.constraint.R$styleable: int ConstraintLayout_Layout_constraint_referenced_ids
android.support.constraint.R$styleable: int ConstraintLayout_Layout_layout_constrainedHeight
android.support.constraint.R$styleable: int ConstraintLayout_Layout_layout_constrainedWidth
android.support.constraint.R$styleable: int ConstraintLayout_Layout_layout_constraintBaseline_creator
android.support.constraint.R$styleable: int ConstraintLayout_Layout_layout_constraintBaseline_toBaselineOf
android.support.constraint.R$styleable: int ConstraintLayout_Layout_layout_constraintBottom_creator
android.support.constraint.solver.SolverVariable$Type: android.support.constraint.solver.SolverVariable$Type[] values()
android.support.constraint.solver.SolverVariable$Type: android.support.constraint.solver.SolverVariable$Type valueOf(java.lang.String)
android.support.constraint.solver.widgets.ConstraintAnchor$ConnectionType: android.support.constraint.solver.widgets.ConstraintAnchor$ConnectionType[] values()
android.support.constraint.solver.widgets.ConstraintAnchor$ConnectionType: android.support.constraint.solver.widgets.ConstraintAnchor$ConnectionType valueOf(java.lang.String)
android.support.constraint.solver.widgets.ConstraintAnchor$Strength: android.support.constraint.solver.widgets.ConstraintAnchor$Strength[] values()
android.support.constraint.solver.widgets.ConstraintAnchor$Strength: android.support.constraint.solver.widgets.ConstraintAnchor$Strength valueOf(java.lang.String)
android.support.constraint.solver.widgets.ConstraintAnchor$Type: android.support.constraint.solver.widgets.ConstraintAnchor$Type[] values()
android.support.constraint.solver.widgets.ConstraintAnchor$Type: android.support.constraint.solver.widgets.ConstraintAnchor$Type valueOf(java.lang.String)
android.support.constraint.solver.widgets.ConstraintHorizontalLayout$ContentAlignment: android.support.constraint.solver.widgets.ConstraintHorizontalLayout$ContentAlignment[] values()
android.support.constraint.solver.widgets.ConstraintHorizontalLayout$ContentAlignment: android.support.constraint.solver.widgets.ConstraintHorizontalLayout$ContentAlignment valueOf(java.lang.String)
android.support.constraint.solver.widgets.ConstraintWidget$ContentAlignment: android.support.constraint.solver.widgets.ConstraintWidget$ContentAlignment[] values()
android.support.constraint.solver.widgets.ConstraintWidget$ContentAlignment: android.support.constraint.solver.widgets.ConstraintWidget$ContentAlignment valueOf(java.lang.String)
android.support.constraint.solver.widgets.ConstraintWidget$DimensionBehaviour: android.support.constraint.solver.widgets.ConstraintWidget$DimensionBehaviour[] values()
android.support.constraint.solver.widgets.ConstraintWidget$DimensionBehaviour: android.support.constraint.solver.widgets.ConstraintWidget$DimensionBehaviour valueOf(java.lang.String)