app/build/outputs/mapping/release/mapping.txt
com.gardens.need.MainActivity -> com.gardens.need.MainActivity:
    android.webkit.WebView webView -> m
    android.app.ProgressDialog pd -> n
    void <init>() -> <init>
    void onCreate(android.os.Bundle) -> onCreate
    void onBackPressed() -> onBackPressed
com.gardens.need.MainActivity$1 -> com.gardens.need.MainActivity$1:
    com.gardens.need.MainActivity this$0 -> a
    void <init>(com.gardens.need.MainActivity) -> <init>
    void onPageStarted(android.webkit.WebView,java.lang.String,android.graphics.Bitmap) -> onPageStarted
    void onPageFinished(android.webkit.WebView,java.lang.String) -> onPageFinished
com.gardens.need.MainActivity$Myappwebclient -> com.gardens.need.MainActivity$a:
    com.gardens.need.MainActivity this$0 -> a
    void <init>(com.gardens.need.MainActivity) -> <init>
com.gardens.need.activites.Homescreen -> com.gardens.need.activites.Homescreen:
    android.support.v4.app.FragmentManager fm -> m
    int parentId -> n
    int subParentId -> o
    int detailsParentId -> p
    java.util.List selectedProductsId -> q
    java.util.List selectedProducts -> r
    void <init>() -> <init>
    void onCreate(android.os.Bundle) -> onCreate
    void onBackPressed() -> onBackPressed
    boolean onNavigationItemSelected(android.view.MenuItem) -> a
    void openFragmentByTag(java.lang.String,boolean) -> a
    android.support.v4.app.Fragment getFragmentFromTag(java.lang.String) -> a
    void clearBackStack(java.lang.String) -> b
    java.lang.String getSelectedProducts() -> j
com.gardens.need.activites.Homescreen$1 -> com.gardens.need.activites.Homescreen$1:
    com.gardens.need.activites.Homescreen this$0 -> a
    void <init>(com.gardens.need.activites.Homescreen) -> <init>
    void onClick(android.view.View) -> onClick
com.gardens.need.adapters.GridAdapter -> com.gardens.need.a.a:
    android.app.Activity activity -> a
    java.util.List productList -> b
    com.gardens.need.adapters.GridAdapter$GridItemsListener gridItemsListener -> c
    void <init>(android.app.Activity,java.util.List,com.gardens.need.adapters.GridAdapter$GridItemsListener) -> <init>
    int getCount() -> getCount
    java.lang.Object getItem(int) -> getItem
    long getItemId(int) -> getItemId
    android.view.View getView(int,android.view.View,android.view.ViewGroup) -> getView
    com.gardens.need.adapters.GridAdapter$GridItemsListener access$100(com.gardens.need.adapters.GridAdapter) -> a
    java.util.List access$200(com.gardens.need.adapters.GridAdapter) -> b
com.gardens.need.adapters.GridAdapter$1 -> com.gardens.need.a.a$1:
    int val$position -> a
    android.view.View val$finalConvertView -> b
    com.gardens.need.adapters.GridAdapter this$0 -> c
    void <init>(com.gardens.need.adapters.GridAdapter,int,android.view.View) -> <init>
    void onClick(android.view.View) -> onClick
com.gardens.need.adapters.GridAdapter$2 -> com.gardens.need.a.a$2:
    int val$position -> a
    com.gardens.need.adapters.GridAdapter this$0 -> b
    void <init>(com.gardens.need.adapters.GridAdapter,int) -> <init>
    void onCheckedChanged(android.widget.CompoundButton,boolean) -> onCheckedChanged
com.gardens.need.adapters.GridAdapter$GridItemsListener -> com.gardens.need.a.a$a:
    void <init>() -> <init>
    void onCheckChanged(int,com.gardens.need.adapters.ProductList,boolean) -> a
    void onItemClicked(int,android.view.View) -> a
com.gardens.need.adapters.GridAdapter$GridViewHolder -> com.gardens.need.a.a$b:
    android.widget.ImageView iv_product -> a
    android.widget.TextView tv_product -> b
    android.widget.CheckBox cb_product -> c
    android.widget.RelativeLayout rv_product -> d
    void <init>() -> <init>
    void <init>(com.gardens.need.adapters.GridAdapter$1) -> <init>
...
android.support.design.widget.FloatingActionButtonImpl -> android.support.design.widget.g:
    android.view.animation.Interpolator ANIM_INTERPOLATOR -> b
    int mAnimState -> c
    android.graphics.drawable.Drawable mShapeDrawable -> d
    android.graphics.drawable.Drawable mRippleDrawable -> e
    android.support.design.widget.CircularBorderDrawable mBorderDrawable -> f
    android.graphics.drawable.Drawable mContentBackground -> g
    float mElevation -> h
    float mPressedTranslationZ -> i
    int[] PRESSED_ENABLED_STATE_SET -> j
    int[] FOCUSED_ENABLED_STATE_SET -> k
    int[] ENABLED_STATE_SET -> l
    int[] EMPTY_STATE_SET -> m
    android.support.design.widget.VisibilityAwareImageButton mView -> n
    android.support.design.widget.ShadowViewDelegate mShadowViewDelegate -> o
    android.support.design.widget.ValueAnimatorCompat$Creator mAnimatorCreator -> p
    android.graphics.Rect mTmpRect -> a
    android.view.ViewTreeObserver$OnPreDrawListener mPreDrawListener -> q
    void <init>(android.support.design.widget.VisibilityAwareImageButton,android.support.design.widget.ShadowViewDelegate,android.support.design.widget.ValueAnimatorCompat$Creator) -> <init>
    void setBackgroundTintList(android.content.res.ColorStateList) -> a
    void setBackgroundTintMode(android.graphics.PorterDuff$Mode) -> a
    void setRippleColor(int) -> a
    void setElevation(float) -> a
    float getElevation() -> a
    void onElevationsChanged(float,float) -> a
android.support.design.widget.FloatingActionButtonImpl$1 -> android.support.design.widget.g$1:
    android.support.design.widget.FloatingActionButtonImpl this$0 -> a
    void <init>(android.support.design.widget.FloatingActionButtonImpl) -> <init>
    boolean onPreDraw() -> onPreDraw
android.support.design.widget.FloatingActionButtonImpl$InternalVisibilityChangedListener -> android.support.design.widget.g$a:
    void onShown() -> a
    void onHidden() -> b
android.support.design.widget.FloatingActionButtonLollipop -> android.support.design.widget.h:
    android.graphics.drawable.InsetDrawable mInsetDrawable -> q
    void <init>(android.support.design.widget.VisibilityAwareImageButton,android.support.design.widget.ShadowViewDelegate,android.support.design.widget.ValueAnimatorCompat$Creator) -> <init>
    void setRippleColor(int) -> a
    void onElevationsChanged(float,float) -> a
    float getElevation() -> a
    void onCompatShadowChanged() -> c
    void onPaddingUpdated(android.graphics.Rect) -> b
    void onDrawableStateChanged(int[]) -> a
    void jumpDrawableToCurrentState() -> b
    boolean requirePreDrawListener() -> d
    void getPadding(android.graphics.Rect) -> a