app/build/outputs/mapping/release/usage.txt
com.gardens.need.BuildConfig
com.gardens.need.R
com.gardens.need.R$anim
com.gardens.need.R$animator
com.gardens.need.R$attr
com.gardens.need.R$bool
com.gardens.need.R$color
com.gardens.need.R$dimen
com.gardens.need.R$drawable
com.gardens.need.R$id
com.gardens.need.R$integer
com.gardens.need.R$layout
com.gardens.need.R$menu
com.gardens.need.R$mipmap
com.gardens.need.R$string
com.gardens.need.R$style
com.gardens.need.R$styleable
com.gardens.need.fragments.ProductDetails:
    73:115:public void getDetails()
com.gardens.need.fragments.ProductDetails$1
com.gardens.need.helpers.Constants:
    public static final java.lang.String Dashboard
    public static final java.lang.String AboutUs
    public static final java.lang.String ContactUs
    public static final java.lang.String Enquiry
    public static final java.lang.String SubCategory
    public static final java.lang.String ProductDetails
    10:10:public Constants()
com.gardens.need.helpers.URL:
    private static final java.lang.String base
    private static final java.lang.String GetCategory
    private static final java.lang.String GetProduct
    public static final java.lang.String SendEnquiry
    public static final java.lang.String GetProductCount
    18:18:public URL()
...
android.support.v4.media.session.PlaybackStateCompat$1
android.support.v4.media.session.PlaybackStateCompat$Actions
android.support.v4.media.session.PlaybackStateCompat$Builder
android.support.v4.media.session.PlaybackStateCompat$CustomAction
android.support.v4.media.session.PlaybackStateCompat$CustomAction$1
android.support.v4.media.session.PlaybackStateCompat$CustomAction$Builder
android.support.v4.media.session.PlaybackStateCompat$MediaKeyAction
android.support.v4.media.session.PlaybackStateCompat$State
android.support.v4.media.session.PlaybackStateCompatApi21
android.support.v4.media.session.PlaybackStateCompatApi21$CustomAction
android.support.v4.media.session.PlaybackStateCompatApi22
android.support.v4.net.ConnectivityManagerCompat
android.support.v4.net.ConnectivityManagerCompat$Api24ConnectivityManagerCompatImpl
android.support.v4.net.ConnectivityManagerCompat$BaseConnectivityManagerCompatImpl
android.support.v4.net.ConnectivityManagerCompat$ConnectivityManagerCompatImpl
android.support.v4.net.ConnectivityManagerCompat$HoneycombMR2ConnectivityManagerCompatImpl
android.support.v4.net.ConnectivityManagerCompat$JellyBeanConnectivityManagerCompatImpl
android.support.v4.net.ConnectivityManagerCompat$RestrictBackgroundStatus
android.support.v4.net.ConnectivityManagerCompatApi24
android.support.v4.net.ConnectivityManagerCompatHoneycombMR2
android.support.v4.net.ConnectivityManagerCompatJellyBean
android.support.v4.net.DatagramSocketWrapper
android.support.v4.net.DatagramSocketWrapper$DatagramSocketImplWrapper
android.support.v4.net.TrafficStatsCompat
android.support.v4.net.TrafficStatsCompat$Api24TrafficStatsCompatImpl
android.support.v4.net.TrafficStatsCompat$BaseTrafficStatsCompatImpl
android.support.v4.net.TrafficStatsCompat$BaseTrafficStatsCompatImpl$1
android.support.v4.net.TrafficStatsCompat$BaseTrafficStatsCompatImpl$SocketTags
android.support.v4.net.TrafficStatsCompat$IcsTrafficStatsCompatImpl
android.support.v4.net.TrafficStatsCompat$TrafficStatsCompatImpl
android.support.v4.net.TrafficStatsCompatApi24
android.support.v4.net.TrafficStatsCompatIcs
android.support.v4.os.AsyncTaskCompat:
    54:54:private AsyncTaskCompat()
android.support.v4.os.AsyncTaskCompatHoneycomb:
    29:29:AsyncTaskCompatHoneycomb()
android.support.v4.os.BuildCompat:
    27:28:private BuildCompat()
    45:45:public static boolean isAtLeastNMR1()
    54:55:public static boolean isAtLeastO()
android.support.v4.os.CancellationSignal
android.support.v4.os.CancellationSignal$OnCancelListener
android.support.v4.os.CancellationSignalCompatJellybean
android.support.v4.os.EnvironmentCompat
android.support.v4.os.EnvironmentCompatKitKat
android.support.v4.os.IResultReceiver
android.support.v4.os.IResultReceiver$Stub
android.support.v4.os.IResultReceiver$Stub$Proxy
android.support.v4.os.OperationCanceledException
android.support.v4.os.ParcelableCompat:
    60:60:private ParcelableCompat()
android.support.v4.os.ParcelableCompatCreatorHoneycombMR2Stub:
    26:26:ParcelableCompatCreatorHoneycombMR2Stub()
android.support.v4.os.ResultReceiver
android.support.v4.os.ResultReceiver$1
android.support.v4.os.ResultReceiver$MyResultReceiver
android.support.v4.os.ResultReceiver$MyRunnable
android.support.v4.os.TraceCompat:
    61:61:private TraceCompat()
android.support.v4.os.TraceJellybeanMR2:
    22:22:TraceJellybeanMR2()
android.support.v4.os.UserManagerCompat
android.support.v4.os.UserManagerCompatApi24
android.support.v4.print.PrintHelper
android.support.v4.print.PrintHelper$1
android.support.v4.print.PrintHelper$OnPrintFinishCallback
android.support.v4.print.PrintHelper$PrintHelperApi20Impl
android.support.v4.print.PrintHelper$PrintHelperApi23Impl
android.support.v4.print.PrintHelper$PrintHelperApi24Impl
android.support.v4.print.PrintHelper$PrintHelperImpl
android.support.v4.print.PrintHelper$PrintHelperImpl$1
android.support.v4.print.PrintHelper$PrintHelperImpl$2
android.support.v4.print.PrintHelper$PrintHelperKitkatImpl